
2017-03-15 12:54:54
[ERROR]-[Thread: main]-[ com.jfinal.kit.LogKit.error(LogKit.java:75)]:com.jfinal.kit.LogKit.error(LogKit.java:75)  controllerKey already exists: /test
java.lang.IllegalArgumentException: controllerKey already exists: /test
	at com.jfinal.config.Routes$Route.processControllerKey(Routes.java:157)
	at com.jfinal.config.Routes$Route.<init>(Routes.java:146)
	at com.jfinal.config.Routes.add(Routes.java:61)
	at com.zhu2chu.common.FrontRoutes.config(FrontRoutes.java:38)
	at com.jfinal.config.Routes.add(Routes.java:49)
	at com.zhu2chu.core.ThreeXConfig.configRoute(ThreeXConfig.java:36)
	at com.jfinal.core.Config.configJFinal(Config.java:51)
	at com.jfinal.core.JFinal.init(JFinal.java:63)
	at com.jfinal.core.JFinalFilter.init(JFinalFilter.java:49)
	at org.eclipse.jetty.servlet.FilterHolder.doStart(FilterHolder.java:119)
	at org.eclipse.jetty.util.component.AbstractLifeCycle.start(AbstractLifeCycle.java:64)
	at org.eclipse.jetty.servlet.ServletHandler.initialize(ServletHandler.java:724)
	at org.eclipse.jetty.servlet.ServletContextHandler.startContext(ServletContextHandler.java:265)
	at org.eclipse.jetty.webapp.WebAppContext.startContext(WebAppContext.java:1250)
	at org.eclipse.jetty.server.handler.ContextHandler.doStart(ContextHandler.java:706)
	at org.eclipse.jetty.webapp.WebAppContext.doStart(WebAppContext.java:492)
	at org.eclipse.jetty.util.component.AbstractLifeCycle.start(AbstractLifeCycle.java:64)
	at org.eclipse.jetty.server.handler.HandlerWrapper.doStart(HandlerWrapper.java:95)
	at org.eclipse.jetty.server.Server.doStart(Server.java:277)
	at org.eclipse.jetty.util.component.AbstractLifeCycle.start(AbstractLifeCycle.java:64)
	at com.jfinal.server.JettyServer.doStart(JettyServer.java:131)
	at com.jfinal.server.JettyServer.start(JettyServer.java:70)
	at com.jfinal.core.JFinal.start(JFinal.java:159)
	at com.zhu2chu.core.ThreeXConfig.main(ThreeXConfig.java:71)

2017-03-15 12:55:37
[ERROR]-[Thread: main]-[ com.jfinal.kit.LogKit.error(LogKit.java:75)]:com.jfinal.kit.LogKit.error(LogKit.java:75)  controllerKey already exists: /test
java.lang.IllegalArgumentException: controllerKey already exists: /test
	at com.jfinal.config.Routes$Route.processControllerKey(Routes.java:157)
	at com.jfinal.config.Routes$Route.<init>(Routes.java:146)
	at com.jfinal.config.Routes.add(Routes.java:61)
	at com.zhu2chu.common.FrontRoutes.config(FrontRoutes.java:38)
	at com.jfinal.config.Routes.add(Routes.java:49)
	at com.zhu2chu.core.ThreeXConfig.configRoute(ThreeXConfig.java:36)
	at com.jfinal.core.Config.configJFinal(Config.java:51)
	at com.jfinal.core.JFinal.init(JFinal.java:63)
	at com.jfinal.core.JFinalFilter.init(JFinalFilter.java:49)
	at org.eclipse.jetty.servlet.FilterHolder.doStart(FilterHolder.java:119)
	at org.eclipse.jetty.util.component.AbstractLifeCycle.start(AbstractLifeCycle.java:64)
	at org.eclipse.jetty.servlet.ServletHandler.initialize(ServletHandler.java:724)
	at org.eclipse.jetty.servlet.ServletContextHandler.startContext(ServletContextHandler.java:265)
	at org.eclipse.jetty.webapp.WebAppContext.startContext(WebAppContext.java:1250)
	at org.eclipse.jetty.server.handler.ContextHandler.doStart(ContextHandler.java:706)
	at org.eclipse.jetty.webapp.WebAppContext.doStart(WebAppContext.java:492)
	at org.eclipse.jetty.util.component.AbstractLifeCycle.start(AbstractLifeCycle.java:64)
	at org.eclipse.jetty.server.handler.HandlerWrapper.doStart(HandlerWrapper.java:95)
	at org.eclipse.jetty.server.Server.doStart(Server.java:277)
	at org.eclipse.jetty.util.component.AbstractLifeCycle.start(AbstractLifeCycle.java:64)
	at com.jfinal.server.JettyServer.doStart(JettyServer.java:131)
	at com.jfinal.server.JettyServer.start(JettyServer.java:70)
	at com.jfinal.core.JFinal.start(JFinal.java:159)
	at com.zhu2chu.core.ThreeXConfig.main(ThreeXConfig.java:71)

2017-03-15 12:57:49
[ERROR]-[Thread: main]-[ com.jfinal.kit.LogKit.error(LogKit.java:75)]:com.jfinal.kit.LogKit.error(LogKit.java:75)  port: 8022 already in use!
java.lang.IllegalStateException: port: 8022 already in use!
	at com.jfinal.server.JettyServer.doStart(JettyServer.java:87)
	at com.jfinal.server.JettyServer.start(JettyServer.java:70)
	at com.jfinal.core.JFinal.start(JFinal.java:159)
	at com.zhu2chu.core.ThreeXConfig.main(ThreeXConfig.java:68)

2017-03-15 12:57:57
[ERROR]-[Thread: main]-[ com.jfinal.kit.LogKit.error(LogKit.java:75)]:com.jfinal.kit.LogKit.error(LogKit.java:75)  port: 8022 already in use!
java.lang.IllegalStateException: port: 8022 already in use!
	at com.jfinal.server.JettyServer.doStart(JettyServer.java:87)
	at com.jfinal.server.JettyServer.start(JettyServer.java:70)
	at com.jfinal.core.JFinal.start(JFinal.java:159)
	at com.zhu2chu.core.ThreeXConfig.main(ThreeXConfig.java:68)
